[DEBUG] 2018-10-06 14:39:19.221 [main] UserDao - The list of users [User{firstName='Joe', lastName='Coyne', userName='jcoyne', id='1', dateOfBirth='1964-04-01', age='54}, User{firstName='Fred', lastName='Hensen', userName='fhensen', id='2', dateOfBirth='1988-05-08', age='30}, User{firstName='Barney', lastName='Curry', userName='bcurry', id='3', dateOfBirth='1947-11-11', age='70}, User{firstName='Karen', lastName='Mack', userName='kmack', id='4', dateOfBirth='1986-07-08', age='32}, User{firstName='Dianne', lastName='Klein', userName='dklein', id='5', dateOfBirth='1991-09-22', age='27}, User{firstName='Dawn', lastName='Tillman', userName='dtillman', id='6', dateOfBirth='1979-08-30', age='39}]
[DEBUG] 2018-10-06 14:39:19.304 [main] UserDao - Searching for user with lastName = Curry
[DEBUG] 2018-10-06 14:39:19.408 [main] UserDao - Searching for user with lastName = c
[DEBUG] 2018-10-06 14:49:14.409 [main] UserDao - The list of users [User{firstName='Joe', lastName='Coyne', userName='jcoyne', id='1', dateOfBirth='1964-04-01', age='54}, User{firstName='Fred', lastName='Hensen', userName='fhensen', id='2', dateOfBirth='1988-05-08', age='30}, User{firstName='Barney', lastName='Curry', userName='bcurry', id='3', dateOfBirth='1947-11-11', age='70}, User{firstName='Karen', lastName='Mack', userName='kmack', id='4', dateOfBirth='1986-07-08', age='32}, User{firstName='Dianne', lastName='Klein', userName='dklein', id='5', dateOfBirth='1991-09-22', age='27}, User{firstName='Dawn', lastName='Tillman', userName='dtillman', id='6', dateOfBirth='1979-08-30', age='39}]
[DEBUG] 2018-10-06 14:49:14.495 [main] UserDao - Searching for user with lastName = Curry
[DEBUG] 2018-10-06 14:49:14.610 [main] UserDao - Searching for user with lastName = c
[DEBUG] 2018-10-06 14:50:41.058 [main] UserDao - The list of users [User{firstName='Joe', lastName='Coyne', userName='jcoyne', id='1', dateOfBirth='1964-04-01', age='54}, User{firstName='Fred', lastName='Hensen', userName='fhensen', id='2', dateOfBirth='1988-05-08', age='30}, User{firstName='Barney', lastName='Curry', userName='bcurry', id='3', dateOfBirth='1947-11-11', age='70}, User{firstName='Karen', lastName='Mack', userName='kmack', id='4', dateOfBirth='1986-07-08', age='32}, User{firstName='Dianne', lastName='Klein', userName='dklein', id='5', dateOfBirth='1991-09-22', age='27}, User{firstName='Dawn', lastName='Tillman', userName='dtillman', id='6', dateOfBirth='1979-08-30', age='39}]
[DEBUG] 2018-10-06 14:50:41.102 [main] UserDao - Searching for user with lastName = Curry
[DEBUG] 2018-10-06 14:50:41.323 [main] UserDao - Searching for user with lastName = c
[DEBUG] 2018-10-06 14:54:24.655 [main] UserDao - Searching for user with lastName = Curry
[DEBUG] 2018-10-06 14:54:24.793 [main] UserDao - Searching for user with lastName = c
[DEBUG] 2018-10-06 15:01:48.751 [main] UserDao - Searching for user with lastName = Curry
[DEBUG] 2018-10-06 15:01:48.963 [main] UserDao - Searching for user with lastName = c
[DEBUG] 2018-10-06 15:01:49.239 [main] UserDao - searching for: {}Curry
[DEBUG] 2018-10-06 15:07:57.098 [main] UserDao - Searching for user with lastName = Curry
[DEBUG] 2018-10-06 15:07:57.209 [main] UserDao - Searching for user with lastName = c
[DEBUG] 2018-10-06 15:07:57.456 [main] UserDao - searching for: {}Curry
[DEBUG] 2018-10-06 15:11:44.754 [main] UserDao - Searching for user with firstName = Dawn
[DEBUG] 2018-10-06 15:17:21.130 [main] UserDao - Searching for user with lastName = Curry
[DEBUG] 2018-10-06 15:17:21.269 [main] UserDao - Searching for user with lastName = c
[DEBUG] 2018-10-06 15:17:21.397 [main] UserDao - Searching for user with firstName = Dawn
[DEBUG] 2018-10-06 15:17:21.648 [main] UserDao - searching for: {}Curry
[DEBUG] 2018-10-06 15:26:37.782 [main] UserDao - Searching for user with lastName = Curry
[DEBUG] 2018-10-06 15:26:37.891 [main] UserDao - Searching for user with lastName = c
[DEBUG] 2018-10-06 15:26:37.925 [main] UserDao - Searching for user with firstName = Dawn
[DEBUG] 2018-10-06 15:26:38.583 [main] UserDao - searching for: {}Curry
[DEBUG] 2018-10-06 15:31:08.147 [main] UserDao - Searching for user with lastName = Curry
[DEBUG] 2018-10-06 15:31:08.320 [main] UserDao - Searching for user with lastName = c
[DEBUG] 2018-10-06 15:31:08.360 [main] UserDao - Searching for user with firstName = Dawn
[DEBUG] 2018-10-06 15:31:08.922 [main] UserDao - searching for: {}Curry
[DEBUG] 2018-10-09 20:12:33.929 [main] UserDao - Searching for user with lastName = Curry
[DEBUG] 2018-10-09 20:12:34.072 [main] UserDao - Searching for user with lastName = c
[DEBUG] 2018-10-09 20:12:34.251 [main] UserDao - Searching for user with firstName = Dawn
[DEBUG] 2018-10-09 20:12:34.654 [main] UserDao - searching for: {}Curry
[DEBUG] 2018-10-09 21:28:57.655 [main] UserDao - Searching for user with lastName = Curry
[DEBUG] 2018-10-09 21:28:57.744 [main] UserDao - Searching for user with lastName = c
[DEBUG] 2018-10-09 21:28:57.789 [main] UserDao - Searching for user with firstName = Dawn
[DEBUG] 2018-10-09 21:28:58.068 [main] UserDao - searching for: {}Curry
[DEBUG] 2018-10-09 21:31:12.020 [main] UserDao - Searching for user with lastName = Curry
[DEBUG] 2018-10-09 21:31:12.187 [main] UserDao - Searching for user with lastName = c
[DEBUG] 2018-10-09 21:31:12.239 [main] UserDao - Searching for user with firstName = Dawn
[DEBUG] 2018-10-09 21:31:12.466 [main] UserDao - searching for: {}Curry
[DEBUG] 2018-10-09 21:48:10.262 [main] UserDao - Searching for user with lastName = Curry
[DEBUG] 2018-10-09 21:48:10.359 [main] UserDao - Searching for user with lastName = c
[DEBUG] 2018-10-09 21:48:10.413 [main] UserDao - Searching for user with firstName = Dawn
[DEBUG] 2018-10-09 21:48:10.628 [main] UserDao - searching for: {}Curry
[DEBUG] 2018-10-09 21:52:54.748 [main] UserDao - Searching for user with lastName = Curry
[DEBUG] 2018-10-09 21:52:54.840 [main] UserDao - Searching for user with lastName = c
[DEBUG] 2018-10-09 21:52:54.903 [main] UserDao - Searching for user with firstName = Dawn
[DEBUG] 2018-10-09 21:52:55.155 [main] UserDao - searching for: {}Curry
[DEBUG] 2018-10-09 21:54:58.943 [main] UserDao - Searching for user with lastName = Curry
[DEBUG] 2018-10-09 21:54:59.032 [main] UserDao - Searching for user with lastName = c
[DEBUG] 2018-10-09 21:54:59.190 [main] UserDao - Searching for user with firstName = Dawn
[DEBUG] 2018-10-09 21:54:59.419 [main] UserDao - searching for: {}Curry
[DEBUG] 2018-10-10 09:19:27.444 [main] UserDao - Searching for user with lastName = Curry
[DEBUG] 2018-10-10 09:19:27.517 [main] UserDao - Searching for user with lastName = c
[DEBUG] 2018-10-10 09:19:27.617 [main] UserDao - Searching for user with firstName = Dawn
[DEBUG] 2018-10-10 09:19:27.821 [main] UserDao - searching for: {}Curry
[DEBUG] 2018-10-10 09:22:05.350 [main] UserDao - Searching for user with lastName = Curry
[DEBUG] 2018-10-10 09:22:05.468 [main] UserDao - Searching for user with lastName = c
[DEBUG] 2018-10-10 09:22:05.517 [main] UserDao - Searching for user with firstName = Dawn
[DEBUG] 2018-10-10 09:22:05.951 [main] UserDao - searching for: {}Curry
[DEBUG] 2018-10-10 09:29:54.974 [main] UserDao - Searching for user with lastName = Curry
[DEBUG] 2018-10-10 09:29:55.104 [main] UserDao - Searching for user with lastName = c
[DEBUG] 2018-10-10 09:29:55.145 [main] UserDao - Searching for user with firstName = Dawn
[DEBUG] 2018-10-10 09:29:55.374 [main] UserDao - searching for: {}Curry
[DEBUG] 2018-10-10 09:32:12.375 [main] UserDao - Searching for user with lastName = Curry
[DEBUG] 2018-10-10 09:32:12.587 [main] UserDao - Searching for user with lastName = c
[DEBUG] 2018-10-10 09:32:12.657 [main] UserDao - Searching for user with firstName = Dawn
[DEBUG] 2018-10-10 09:32:13.358 [main] UserDao - searching for: {}Curry
[DEBUG] 2018-10-10 13:07:23.352 [main] WorkoutDao - searching for: {}null
[DEBUG] 2018-10-10 13:08:28.531 [main] WorkoutDao - searching for: {}Wed Mar 20 00:00:00 CDT 3918
[DEBUG] 2018-10-10 13:19:41.169 [main] WorkoutDao - searching for: {}11022018
[DEBUG] 2018-10-10 13:21:09.023 [main] WorkoutDao - searching for: {}11022018
[DEBUG] 2018-10-10 13:51:31.931 [main] WorkoutDao - searching for: {}11022018
[DEBUG] 2018-10-10 14:44:08.902 [main] WorkoutDao - searching for: {}11022018
[DEBUG] 2018-10-10 14:47:38.304 [main] WorkoutDao - searching for: {}11022018
[DEBUG] 2018-10-10 14:50:21.955 [main] WorkoutDao - searching for: {}11022018
[DEBUG] 2018-10-10 14:51:07.306 [main] WorkoutDao - searching for: {}11022018
[DEBUG] 2018-10-10 14:58:29.079 [main] WorkoutDao - searching for: {}11022018
[DEBUG] 2018-10-10 15:18:07.863 [main] WorkoutDao - Searching for user with id = 2
[DEBUG] 2018-10-10 15:19:36.755 [main] WorkoutDao - Searching for user with id = 2
[DEBUG] 2018-10-10 15:22:15.410 [main] WorkoutDao - Searching for user with workout = SKIMPS
[DEBUG] 2018-10-10 15:23:46.102 [main] WorkoutDao - Searching for user with dateCreated = 07152018
[DEBUG] 2018-10-10 15:24:26.690 [main] WorkoutDao - Searching for user with dateCreated = 07152018
[DEBUG] 2018-10-10 15:24:40.160 [main] WorkoutDao - Searching for user with id = 2
[DEBUG] 2018-10-10 15:24:40.990 [main] WorkoutDao - Searching for user with workout = SKIMPS
[DEBUG] 2018-10-10 15:24:41.505 [main] WorkoutDao - Searching for user with dateCreated = 07152018
[DEBUG] 2018-10-10 15:24:41.730 [main] WorkoutDao - searching for: {}11022018
[DEBUG] 2018-10-10 15:26:05.944 [main] WorkoutDao - Searching for user with id = 2
[DEBUG] 2018-10-10 15:26:06.412 [main] WorkoutDao - Searching for user with workout = SKIMPS
[DEBUG] 2018-10-10 15:26:06.728 [main] WorkoutDao - Searching for user with dateCreated = 07152018
[DEBUG] 2018-10-10 15:26:06.992 [main] WorkoutDao - searching for: {}11022018
[DEBUG] 2018-10-10 15:45:18.265 [main] Dao - Searching for user with lastName = Curry
[DEBUG] 2018-10-10 15:45:18.420 [main] Dao - Searching for user with lastName = c
[DEBUG] 2018-10-10 15:45:18.710 [main] Dao - Searching for user with firstName = Dawn
[DEBUG] 2018-10-10 15:45:19.408 [main] Dao - searching for: {}Curry
[DEBUG] 2018-10-10 15:45:19.678 [main] WorkoutDao - Searching for user with id = 2
[DEBUG] 2018-10-10 15:45:19.809 [main] WorkoutDao - Searching for user with workout = SKIMPS
[DEBUG] 2018-10-10 15:45:20.045 [main] WorkoutDao - Searching for user with dateCreated = 07152018
[DEBUG] 2018-10-10 15:45:20.206 [main] WorkoutDao - searching for: {}11022018
[DEBUG] 2018-10-10 15:53:01.580 [main] Dao - Searching for user with lastName = Curry
[DEBUG] 2018-10-10 15:53:01.845 [main] Dao - Searching for user with lastName = c
[DEBUG] 2018-10-10 15:53:02.006 [main] Dao - Searching for user with firstName = Dawn
[DEBUG] 2018-10-10 15:53:02.833 [main] Dao - searching for: {}Curry
[DEBUG] 2018-10-10 15:53:03.021 [main] WorkoutDao - Searching for user with id = 2
[DEBUG] 2018-10-10 15:53:03.135 [main] WorkoutDao - Searching for user with workout = SKIMPS
[DEBUG] 2018-10-10 15:53:03.370 [main] WorkoutDao - Searching for user with dateCreated = 07152018
[DEBUG] 2018-10-10 15:53:03.537 [main] WorkoutDao - searching for: {}11022018
[DEBUG] 2018-10-10 15:55:35.493 [main] Dao - Searching for user with lastName = Curry
[DEBUG] 2018-10-10 15:55:35.651 [main] Dao - Searching for user with lastName = c
[DEBUG] 2018-10-10 15:55:35.881 [main] Dao - Searching for user with firstName = Dawn
[DEBUG] 2018-10-10 15:55:36.589 [main] Dao - searching for: {}Curry
[DEBUG] 2018-10-10 15:55:36.852 [main] WorkoutDao - Searching for user with id = 2
[DEBUG] 2018-10-10 15:55:36.972 [main] WorkoutDao - Searching for user with workout = SKIMPS
[DEBUG] 2018-10-10 15:55:37.160 [main] WorkoutDao - Searching for user with dateCreated = 07152018
[DEBUG] 2018-10-10 15:55:37.383 [main] WorkoutDao - searching for: {}11022018
[DEBUG] 2018-10-10 16:50:12.112 [main] Dao - Searching for user with lastName = Curry
[DEBUG] 2018-10-10 16:50:12.250 [main] Dao - Searching for user with lastName = c
[DEBUG] 2018-10-10 16:50:12.393 [main] Dao - Searching for user with firstName = Dawn
[DEBUG] 2018-10-17 15:58:27.462 [main] Dao - Searching for user with lastName = Curry
[DEBUG] 2018-10-17 15:58:27.759 [main] Dao - Searching for user with lastName = c
[DEBUG] 2018-10-17 15:58:27.881 [main] Dao - Searching for user with firstName = Dawn
[DEBUG] 2018-10-22 18:25:45.726 [main] Dao - Searching for user with lastName = Curry
[DEBUG] 2018-10-22 18:25:45.903 [main] Dao - Searching for user with lastName = c
[DEBUG] 2018-10-22 18:25:46.373 [main] Dao - Searching for user with firstName = Dawn
[DEBUG] 2018-10-22 18:28:23.254 [main] Dao - Searching for user with lastName = Curry
[DEBUG] 2018-10-22 18:28:23.400 [main] Dao - Searching for user with lastName = c
[DEBUG] 2018-10-22 18:28:23.479 [main] Dao - Searching for user with firstName = Dawn
[DEBUG] 2018-10-22 18:31:07.676 [main] Dao - Searching for user with lastName = Curry
[DEBUG] 2018-10-22 18:31:07.832 [main] Dao - Searching for user with lastName = c
[DEBUG] 2018-10-22 18:31:08.060 [main] Dao - Searching for user with firstName = Dawn
[DEBUG] 2018-10-22 18:32:11.268 [main] Dao - Searching for user with lastName = Curry
[DEBUG] 2018-10-22 18:32:11.390 [main] Dao - Searching for user with lastName = c
[DEBUG] 2018-10-22 18:32:11.498 [main] Dao - Searching for user with firstName = Dawn
[DEBUG] 2018-10-22 18:34:17.250 [main] Dao - Searching for user with lastName = Curry
[DEBUG] 2018-10-22 18:34:17.364 [main] Dao - Searching for user with lastName = c
[DEBUG] 2018-10-22 18:34:17.451 [main] Dao - Searching for user with firstName = Dawn
[DEBUG] 2018-10-22 18:52:34.257 [main] Dao - Searching for user with lastName = Curry
[DEBUG] 2018-10-22 18:52:34.467 [main] Dao - Searching for user with lastName = c
[DEBUG] 2018-10-22 18:52:34.575 [main] Dao - Searching for user with firstName = Dawn
[DEBUG] 2018-10-22 18:54:24.862 [main] Dao - Searching for user with lastName = Curry
[DEBUG] 2018-10-22 18:54:25.005 [main] Dao - Searching for user with lastName = c
[DEBUG] 2018-10-22 18:54:25.111 [main] Dao - Searching for user with firstName = Dawn
[DEBUG] 2018-10-22 18:55:24.453 [main] Dao - Searching for user with lastName = Curry
[DEBUG] 2018-10-22 18:55:24.626 [main] Dao - Searching for user with lastName = c
[DEBUG] 2018-10-22 18:55:24.715 [main] Dao - Searching for user with firstName = Dawn
[DEBUG] 2018-10-22 18:56:56.761 [main] Dao - Searching for user with lastName = Curry
[DEBUG] 2018-10-22 18:56:56.866 [main] Dao - Searching for user with lastName = c
[DEBUG] 2018-10-22 18:56:57.022 [main] Dao - Searching for user with firstName = Dawn
[DEBUG] 2018-10-22 18:58:24.974 [main] Dao - Searching for user with lastName = Curry
[DEBUG] 2018-10-22 18:58:25.551 [main] Dao - Searching for user with lastName = c
[DEBUG] 2018-10-22 18:58:25.842 [main] Dao - Searching for user with firstName = Dawn
[DEBUG] 2018-10-22 18:59:48.927 [main] Dao - Searching for user with lastName = Curry
[DEBUG] 2018-10-22 18:59:49.045 [main] Dao - Searching for user with lastName = c
[DEBUG] 2018-10-22 18:59:49.206 [main] Dao - Searching for user with firstName = Dawn
[DEBUG] 2018-10-22 19:14:15.341 [main] Dao - Searching for user with lastName = Curry
[DEBUG] 2018-10-22 19:14:15.426 [main] Dao - Searching for user with lastName = c
[DEBUG] 2018-10-22 19:14:15.484 [main] Dao - Searching for user with firstName = Dawn
[DEBUG] 2018-10-22 19:16:32.369 [main] Dao - Searching for user with lastName = Curry
[DEBUG] 2018-10-22 19:16:32.476 [main] Dao - Searching for user with lastName = c
[DEBUG] 2018-10-22 19:16:32.555 [main] Dao - Searching for user with firstName = Dawn
[DEBUG] 2018-10-22 19:49:55.186 [main] Dao - Searching for user with lastName = Curry
[DEBUG] 2018-10-22 19:49:55.285 [main] Dao - Searching for user with lastName = c
[DEBUG] 2018-10-22 19:49:55.411 [main] Dao - Searching for user with firstName = Dawn
[DEBUG] 2018-10-22 19:53:58.003 [main] Dao - Searching for user with lastName = Curry
[DEBUG] 2018-10-22 19:53:58.151 [main] Dao - Searching for user with lastName = c
[DEBUG] 2018-10-22 19:53:58.211 [main] Dao - Searching for user with firstName = Dawn
[DEBUG] 2018-10-22 20:01:03.803 [main] Dao - Searching for user with lastName = Curry
[DEBUG] 2018-10-22 20:01:04.000 [main] Dao - Searching for user with lastName = c
[DEBUG] 2018-10-22 20:01:04.152 [main] Dao - Searching for user with firstName = Dawn
[DEBUG] 2018-10-22 20:03:11.674 [main] Dao - Searching for user with lastName = Curry
[DEBUG] 2018-10-22 20:03:11.931 [main] Dao - Searching for user with lastName = c
[DEBUG] 2018-10-22 20:03:12.161 [main] Dao - Searching for user with firstName = Dawn
[DEBUG] 2018-10-23 15:59:01.817 [main] Dao - Searching for user with lastName = Curry
[DEBUG] 2018-10-23 15:59:01.907 [main] Dao - Searching for user with lastName = c
[DEBUG] 2018-10-23 15:59:02.007 [main] Dao - Searching for user with firstName = Dawn
[DEBUG] 2018-10-23 16:13:20.763 [main] Dao - Searching for user with lastName = Curry
[DEBUG] 2018-10-23 16:13:20.894 [main] Dao - Searching for user with lastName = c
[DEBUG] 2018-10-23 16:13:20.971 [main] Dao - Searching for user with firstName = Dawn
[DEBUG] 2018-10-23 16:17:09.374 [main] Dao - Searching for user with lastName = Curry
[DEBUG] 2018-10-23 16:17:09.470 [main] Dao - Searching for user with lastName = c
[DEBUG] 2018-10-23 16:17:09.658 [main] Dao - Searching for user with firstName = Dawn
[DEBUG] 2018-10-23 16:27:59.807 [main] Dao - Searching for user with lastName = Curry
[DEBUG] 2018-10-23 16:27:59.886 [main] Dao - Searching for user with lastName = c
[DEBUG] 2018-10-23 16:27:59.980 [main] Dao - Searching for user with firstName = Dawn
[DEBUG] 2018-10-23 16:43:00.325 [main] Dao - Searching for user with lastName = Curry
[DEBUG] 2018-10-23 16:43:00.468 [main] Dao - Searching for user with lastName = c
[DEBUG] 2018-10-23 16:43:00.616 [main] Dao - Searching for user with firstName = Dawn
[DEBUG] 2018-10-23 16:44:55.424 [main] Dao - Searching for user with lastName = Curry
[DEBUG] 2018-10-23 16:44:55.555 [main] Dao - Searching for user with lastName = c
[DEBUG] 2018-10-23 16:44:55.789 [main] Dao - Searching for user with firstName = Dawn
[DEBUG] 2018-10-23 16:55:31.593 [main] Dao - Searching for user with lastName = Curry
[DEBUG] 2018-10-23 16:55:31.804 [main] Dao - Searching for user with lastName = c
[DEBUG] 2018-10-23 16:55:32.059 [main] Dao - Searching for user with firstName = Dawn
[DEBUG] 2018-10-23 17:04:53.317 [main] Dao - Searching for user with lastName = Curry
[DEBUG] 2018-10-23 17:04:53.615 [main] Dao - Searching for user with lastName = c
[DEBUG] 2018-10-23 17:04:53.780 [main] Dao - Searching for user with firstName = Dawn
[DEBUG] 2018-10-23 17:07:16.594 [main] Dao - Searching for user with lastName = Curry
[DEBUG] 2018-10-23 17:07:16.795 [main] Dao - Searching for user with lastName = c
[DEBUG] 2018-10-23 17:07:16.928 [main] Dao - Searching for user with firstName = Dawn
[DEBUG] 2018-10-23 17:13:47.823 [main] Dao - Searching for user with lastName = Curry
[DEBUG] 2018-10-23 17:13:47.982 [main] Dao - Searching for user with lastName = c
[DEBUG] 2018-10-23 17:13:48.102 [main] Dao - Searching for user with firstName = Dawn
[DEBUG] 2018-10-24 15:11:28.997 [main] Dao - Searching for user with lastName = Curry
[DEBUG] 2018-10-24 15:11:29.238 [main] Dao - Searching for user with lastName = c
[DEBUG] 2018-10-24 15:11:29.374 [main] Dao - Searching for user with firstName = Dawn
[DEBUG] 2018-10-24 15:13:42.665 [main] Dao - Searching for user with lastName = Curry
[DEBUG] 2018-10-24 15:13:42.827 [main] Dao - Searching for user with lastName = c
[DEBUG] 2018-10-24 15:13:42.913 [main] Dao - Searching for user with firstName = Dawn
[DEBUG] 2018-10-24 16:17:20.010 [main] Dao - Searching for user with lastName = Curry
[DEBUG] 2018-10-24 16:17:20.174 [main] Dao - Searching for user with lastName = c
[DEBUG] 2018-10-24 16:17:20.314 [main] Dao - Searching for user with firstName = Dawn
[DEBUG] 2018-10-24 16:22:39.208 [main] Dao - Searching for user with lastName = Curry
[DEBUG] 2018-10-24 16:22:39.356 [main] Dao - Searching for user with lastName = c
[DEBUG] 2018-10-24 16:22:39.472 [main] Dao - Searching for user with firstName = Dawn
[DEBUG] 2018-10-24 16:44:10.111 [main] Dao - Searching for user with lastName = Curry
[DEBUG] 2018-10-24 16:44:10.216 [main] Dao - Searching for user with lastName = c
[DEBUG] 2018-10-24 16:44:10.281 [main] Dao - Searching for user with firstName = Dawn
[DEBUG] 2018-10-24 16:50:44.869 [main] Dao - Searching for user with lastName = Curry
[DEBUG] 2018-10-24 16:50:45.021 [main] Dao - Searching for user with lastName = c
[DEBUG] 2018-10-24 16:50:45.160 [main] Dao - Searching for user with firstName = Dawn
[DEBUG] 2018-10-24 16:57:42.522 [main] Dao - Searching for user with lastName = Curry
[DEBUG] 2018-10-24 16:57:42.713 [main] Dao - Searching for user with lastName = c
[DEBUG] 2018-10-24 16:57:42.908 [main] Dao - Searching for user with firstName = Dawn
[DEBUG] 2018-10-24 17:16:42.857 [main] Dao - Searching for user with lastName = Curry
[DEBUG] 2018-10-24 17:16:42.981 [main] Dao - Searching for user with lastName = c
[DEBUG] 2018-10-24 17:16:43.120 [main] Dao - Searching for user with firstName = Dawn
[DEBUG] 2018-10-24 17:21:38.760 [main] Dao - Searching for user with lastName = Curry
[DEBUG] 2018-10-24 17:21:38.969 [main] Dao - Searching for user with lastName = c
[DEBUG] 2018-10-24 17:21:39.045 [main] Dao - Searching for user with firstName = Dawn
[DEBUG] 2018-10-24 17:22:59.293 [main] Dao - Searching for user with lastName = Curry
[DEBUG] 2018-10-24 17:22:59.427 [main] Dao - Searching for user with lastName = c
[DEBUG] 2018-10-24 17:22:59.517 [main] Dao - Searching for user with firstName = Dawn
[DEBUG] 2018-10-24 17:23:31.686 [main] Dao - Searching for user with lastName = Curry
[DEBUG] 2018-10-24 17:23:31.782 [main] Dao - Searching for user with lastName = c
[DEBUG] 2018-10-24 17:23:31.852 [main] Dao - Searching for user with firstName = Dawn
[DEBUG] 2018-10-24 17:26:23.208 [main] Dao - Searching for user with lastName = Curry
[DEBUG] 2018-10-24 17:26:23.281 [main] Dao - Searching for user with lastName = c
[DEBUG] 2018-10-24 17:26:23.355 [main] Dao - Searching for user with firstName = Dawn
[DEBUG] 2018-10-24 17:35:51.452 [main] Dao - Searching for user with lastName = Curry
[DEBUG] 2018-10-24 17:35:51.619 [main] Dao - Searching for user with lastName = c
[DEBUG] 2018-10-24 17:35:51.704 [main] Dao - Searching for user with firstName = Dawn
[DEBUG] 2018-10-24 17:59:55.342 [main] Dao - Searching for user with lastName = Curry
[DEBUG] 2018-10-24 17:59:55.553 [main] Dao - Searching for user with lastName = c
[DEBUG] 2018-10-24 17:59:55.730 [main] Dao - Searching for user with firstName = Dawn
[DEBUG] 2018-10-24 18:06:38.544 [main] Dao - Searching for user with lastName = Curry
[DEBUG] 2018-10-24 18:06:38.657 [main] Dao - Searching for user with lastName = c
[DEBUG] 2018-10-24 18:06:38.739 [main] Dao - Searching for user with firstName = Dawn
[DEBUG] 2018-10-24 18:09:03.705 [main] Dao - Searching for user with lastName = Curry
[DEBUG] 2018-10-24 18:09:03.921 [main] Dao - Searching for user with lastName = c
[DEBUG] 2018-10-24 18:09:04.032 [main] Dao - Searching for user with firstName = Dawn
[DEBUG] 2018-10-24 18:09:55.444 [main] Dao - Searching for user with lastName = Curry
[DEBUG] 2018-10-24 18:09:55.566 [main] Dao - Searching for user with lastName = c
[DEBUG] 2018-10-24 18:09:55.643 [main] Dao - Searching for user with firstName = Dawn
[DEBUG] 2018-10-24 18:12:41.781 [main] Dao - Searching for user with lastName = Curry
[DEBUG] 2018-10-24 18:12:41.881 [main] Dao - Searching for user with lastName = c
[DEBUG] 2018-10-24 18:12:41.955 [main] Dao - Searching for user with firstName = Dawn
[DEBUG] 2018-10-24 18:20:10.856 [main] Dao - Searching for user with lastName = Curry
[DEBUG] 2018-10-24 18:20:10.996 [main] Dao - Searching for user with lastName = c
[DEBUG] 2018-10-24 18:20:11.177 [main] Dao - Searching for user with firstName = Dawn
[DEBUG] 2018-10-24 18:34:18.158 [main] Dao - Searching for user with lastName = Curry
[DEBUG] 2018-10-24 18:34:18.345 [main] Dao - Searching for user with lastName = c
[DEBUG] 2018-10-24 18:34:18.561 [main] Dao - Searching for user with firstName = Dawn
[DEBUG] 2018-10-24 18:55:26.997 [main] Dao - Searching for user with lastName = Curry
[DEBUG] 2018-10-24 18:55:27.091 [main] Dao - Searching for user with lastName = c
[DEBUG] 2018-10-24 18:55:27.139 [main] Dao - Searching for user with firstName = Dawn
[DEBUG] 2018-10-24 19:00:50.756 [main] Dao - Searching for user with lastName = Curry
[DEBUG] 2018-10-24 19:00:50.850 [main] Dao - Searching for user with lastName = c
[DEBUG] 2018-10-24 19:00:50.964 [main] Dao - Searching for user with firstName = Dawn
[DEBUG] 2018-10-24 19:15:50.421 [main] Dao - Searching for user with lastName = Curry
[DEBUG] 2018-10-24 19:15:50.613 [main] Dao - Searching for user with lastName = c
[DEBUG] 2018-10-24 19:15:50.782 [main] Dao - Searching for user with firstName = Dawn
[DEBUG] 2018-10-24 19:19:54.768 [main] Dao - Searching for user with lastName = Curry
[DEBUG] 2018-10-24 19:19:54.898 [main] Dao - Searching for user with lastName = c
[DEBUG] 2018-10-24 19:19:54.993 [main] Dao - Searching for user with firstName = Dawn
[DEBUG] 2018-10-30 09:56:09.627 [main] Dao - Searching for user with lastName = Curry
[DEBUG] 2018-10-30 09:56:09.909 [main] Dao - Searching for user with lastName = c
[DEBUG] 2018-10-30 09:56:10.121 [main] Dao - Searching for user with firstName = Dawn
[DEBUG] 2018-10-30 10:00:29.208 [main] Dao - Searching for user with lastName = Curry
[DEBUG] 2018-10-30 10:00:29.375 [main] Dao - Searching for user with lastName = c
[DEBUG] 2018-10-30 10:00:29.498 [main] Dao - Searching for user with firstName = Dawn
[DEBUG] 2018-10-30 10:08:33.136 [main] Dao - Searching for user with lastName = Curry
[DEBUG] 2018-10-30 10:08:33.233 [main] Dao - Searching for user with lastName = c
[DEBUG] 2018-10-30 10:08:33.330 [main] Dao - Searching for user with firstName = Dawn
[DEBUG] 2018-10-30 10:14:59.597 [main] Dao - Searching for user with lastName = Curry
[DEBUG] 2018-10-30 10:14:59.693 [main] Dao - Searching for user with lastName = c
[DEBUG] 2018-10-30 10:14:59.924 [main] Dao - Searching for user with firstName = Dawn
[DEBUG] 2018-10-30 10:26:51.164 [main] Dao - Searching for user with lastName = Curry
[DEBUG] 2018-10-30 10:26:51.358 [main] Dao - Searching for user with lastName = c
[DEBUG] 2018-10-30 10:26:51.538 [main] Dao - Searching for user with firstName = Dawn
[DEBUG] 2018-10-30 10:33:00.716 [main] Dao - Searching for user with lastName = Curry
[DEBUG] 2018-10-30 10:33:00.908 [main] Dao - Searching for user with lastName = c
[DEBUG] 2018-10-30 10:33:01.169 [main] Dao - Searching for user with firstName = Dawn
[DEBUG] 2018-10-30 10:59:18.718 [main] Dao - Searching for user with lastName = Curry
[DEBUG] 2018-10-30 10:59:18.844 [main] Dao - Searching for user with lastName = c
[DEBUG] 2018-10-30 10:59:19.015 [main] Dao - Searching for user with firstName = Dawn
[DEBUG] 2018-10-30 11:29:57.970 [main] Dao - Searching for user with lastName = Curry
[DEBUG] 2018-10-30 11:29:58.199 [main] Dao - Searching for user with lastName = c
[DEBUG] 2018-10-30 11:29:58.299 [main] Dao - Searching for user with firstName = Dawn
[DEBUG] 2018-10-30 11:35:54.966 [main] Dao - Searching for user with lastName = Curry
[DEBUG] 2018-10-30 11:35:55.064 [main] Dao - Searching for user with lastName = c
[DEBUG] 2018-10-30 11:35:55.133 [main] Dao - Searching for user with firstName = Dawn
[DEBUG] 2018-10-30 11:42:51.281 [main] Dao - Searching for user with lastName = Curry
[DEBUG] 2018-10-30 11:42:51.422 [main] Dao - Searching for user with lastName = c
[DEBUG] 2018-10-30 11:42:51.525 [main] Dao - Searching for user with firstName = Dawn
[ERROR] 2018-10-30 14:17:42.529 [main] Database - java.sql.SQLSyntaxErrorException: Table 'sample.roles' doesn't exist
[ERROR] 2018-10-30 14:17:46.442 [main] Database - java.sql.SQLSyntaxErrorException: Table 'sample.roles' doesn't exist
[ERROR] 2018-10-30 14:17:46.928 [main] Database - java.sql.SQLSyntaxErrorException: Table 'sample.roles' doesn't exist
[DEBUG] 2018-10-30 14:17:46.929 [main] Dao - Searching for user with lastName = Curry
[ERROR] 2018-10-30 14:17:47.321 [main] Database - java.sql.SQLSyntaxErrorException: Table 'sample.roles' doesn't exist
[DEBUG] 2018-10-30 14:17:47.323 [main] Dao - Searching for user with lastName = c
[ERROR] 2018-10-30 14:17:47.497 [main] Database - java.sql.SQLSyntaxErrorException: Table 'sample.roles' doesn't exist
[DEBUG] 2018-10-30 14:17:47.498 [main] Dao - Searching for user with firstName = Dawn
[ERROR] 2018-10-30 14:17:47.804 [main] Database - java.sql.SQLSyntaxErrorException: Table 'sample.roles' doesn't exist
[ERROR] 2018-10-30 14:17:47.876 [main] Database - java.sql.SQLSyntaxErrorException: Table 'sample.roles' doesn't exist
[ERROR] 2018-10-30 14:17:48.042 [main] Database - java.sql.SQLSyntaxErrorException: Table 'sample.roles' doesn't exist
[ERROR] 2018-10-30 14:17:48.136 [main] Database - java.sql.SQLSyntaxErrorException: Table 'sample.roles' doesn't exist
[ERROR] 2018-10-30 16:42:24.975 [main] Database - java.sql.SQLSyntaxErrorException: Table 'sample.roles' doesn't exist
[ERROR] 2018-10-30 16:42:28.874 [main] Database - java.sql.SQLSyntaxErrorException: Table 'sample.roles' doesn't exist
[ERROR] 2018-10-30 16:42:29.354 [main] Database - java.sql.SQLSyntaxErrorException: Table 'sample.roles' doesn't exist
[DEBUG] 2018-10-30 16:42:29.355 [main] Dao - Searching for user with lastName = Curry
[ERROR] 2018-10-30 16:42:29.469 [main] Database - java.sql.SQLSyntaxErrorException: Table 'sample.roles' doesn't exist
[DEBUG] 2018-10-30 16:42:29.471 [main] Dao - Searching for user with lastName = c
[ERROR] 2018-10-30 16:42:29.546 [main] Database - java.sql.SQLSyntaxErrorException: Table 'sample.roles' doesn't exist
[DEBUG] 2018-10-30 16:42:29.547 [main] Dao - Searching for user with firstName = Dawn
[ERROR] 2018-10-30 16:42:29.730 [main] Database - java.sql.SQLSyntaxErrorException: Table 'sample.roles' doesn't exist
[ERROR] 2018-10-30 16:42:29.819 [main] Database - java.sql.SQLSyntaxErrorException: Table 'sample.roles' doesn't exist
[ERROR] 2018-10-30 16:42:29.943 [main] Database - java.sql.SQLSyntaxErrorException: Table 'sample.roles' doesn't exist
[ERROR] 2018-10-30 16:42:30.032 [main] Database - java.sql.SQLSyntaxErrorException: Table 'sample.roles' doesn't exist
[ERROR] 2018-10-30 20:04:57.056 [main] Database - java.sql.SQLSyntaxErrorException: Table 'sample.roles' doesn't exist
[ERROR] 2018-10-30 20:05:00.757 [main] Database - java.sql.SQLSyntaxErrorException: Table 'sample.roles' doesn't exist
[ERROR] 2018-10-30 20:05:01.329 [main] Database - java.sql.SQLSyntaxErrorException: Table 'sample.roles' doesn't exist
[DEBUG] 2018-10-30 20:05:01.330 [main] Dao - Searching for user with lastName = Curry
[ERROR] 2018-10-30 20:05:01.470 [main] Database - java.sql.SQLSyntaxErrorException: Table 'sample.roles' doesn't exist
[DEBUG] 2018-10-30 20:05:01.471 [main] Dao - Searching for user with lastName = c
[ERROR] 2018-10-30 20:05:01.892 [main] Database - java.sql.SQLSyntaxErrorException: Table 'sample.roles' doesn't exist
[DEBUG] 2018-10-30 20:05:01.895 [main] Dao - Searching for user with firstName = Dawn
[ERROR] 2018-10-30 20:05:02.118 [main] Database - java.sql.SQLSyntaxErrorException: Table 'sample.roles' doesn't exist
[ERROR] 2018-10-30 20:05:02.603 [main] Database - java.sql.SQLSyntaxErrorException: Table 'sample.roles' doesn't exist
[ERROR] 2018-10-30 20:05:02.843 [main] Database - java.sql.SQLSyntaxErrorException: Table 'sample.roles' doesn't exist
[ERROR] 2018-10-30 20:05:02.985 [main] Database - java.sql.SQLSyntaxErrorException: Table 'sample.roles' doesn't exist
[ERROR] 2018-10-30 20:12:25.911 [main] Database - java.sql.SQLSyntaxErrorException: Table 'sample.roles' doesn't exist
[ERROR] 2018-10-30 20:12:29.437 [main] Database - java.sql.SQLSyntaxErrorException: Table 'sample.roles' doesn't exist
[ERROR] 2018-10-30 20:12:30.136 [main] Database - java.sql.SQLSyntaxErrorException: Table 'sample.roles' doesn't exist
[DEBUG] 2018-10-30 20:12:30.137 [main] Dao - Searching for user with lastName = Curry
[ERROR] 2018-10-30 20:12:30.381 [main] Database - java.sql.SQLSyntaxErrorException: Table 'sample.roles' doesn't exist
[DEBUG] 2018-10-30 20:12:30.382 [main] Dao - Searching for user with lastName = c
[ERROR] 2018-10-30 20:12:30.517 [main] Database - java.sql.SQLSyntaxErrorException: Table 'sample.roles' doesn't exist
[DEBUG] 2018-10-30 20:12:30.518 [main] Dao - Searching for user with firstName = Dawn
[ERROR] 2018-10-30 20:12:30.612 [main] Database - java.sql.SQLSyntaxErrorException: Table 'sample.roles' doesn't exist
[ERROR] 2018-10-30 20:12:30.656 [main] Database - java.sql.SQLSyntaxErrorException: Table 'sample.roles' doesn't exist
[ERROR] 2018-10-30 20:12:30.738 [main] Database - java.sql.SQLSyntaxErrorException: Table 'sample.roles' doesn't exist
[ERROR] 2018-10-30 20:12:30.919 [main] Database - java.sql.SQLSyntaxErrorException: Table 'sample.roles' doesn't exist
[ERROR] 2018-10-30 20:13:26.093 [main] Database - java.sql.SQLSyntaxErrorException: Table 'sample.roles' doesn't exist
[ERROR] 2018-10-30 20:13:28.841 [main] Database - java.sql.SQLSyntaxErrorException: Table 'sample.roles' doesn't exist
[ERROR] 2018-10-30 20:13:29.414 [main] Database - java.sql.SQLSyntaxErrorException: Table 'sample.roles' doesn't exist
[DEBUG] 2018-10-30 20:13:29.415 [main] Dao - Searching for user with lastName = Curry
[ERROR] 2018-10-30 20:13:29.664 [main] Database - java.sql.SQLSyntaxErrorException: Table 'sample.roles' doesn't exist
[DEBUG] 2018-10-30 20:13:29.666 [main] Dao - Searching for user with lastName = c
[ERROR] 2018-10-30 20:13:29.974 [main] Database - java.sql.SQLSyntaxErrorException: Table 'sample.roles' doesn't exist
[DEBUG] 2018-10-30 20:13:29.975 [main] Dao - Searching for user with firstName = Dawn
[ERROR] 2018-10-30 20:13:30.164 [main] Database - java.sql.SQLSyntaxErrorException: Table 'sample.roles' doesn't exist
[ERROR] 2018-10-30 20:13:30.322 [main] Database - java.sql.SQLSyntaxErrorException: Table 'sample.roles' doesn't exist
[ERROR] 2018-10-30 20:13:30.474 [main] Database - java.sql.SQLSyntaxErrorException: Table 'sample.roles' doesn't exist
[ERROR] 2018-10-30 20:13:30.578 [main] Database - java.sql.SQLSyntaxErrorException: Table 'sample.roles' doesn't exist
[ERROR] 2018-10-30 20:16:02.916 [main] Database - java.sql.SQLException: Access denied for user 'root'@'localhost' (using password: YES)
[ERROR] 2018-10-30 20:16:05.867 [main] Database - java.sql.SQLException: Access denied for user 'root'@'localhost' (using password: YES)
[ERROR] 2018-10-30 20:16:06.370 [main] Database - java.sql.SQLException: Access denied for user 'root'@'localhost' (using password: YES)
[DEBUG] 2018-10-30 20:16:06.370 [main] Dao - Searching for user with lastName = Curry
[ERROR] 2018-10-30 20:16:06.931 [main] Database - java.sql.SQLException: Access denied for user 'root'@'localhost' (using password: YES)
[DEBUG] 2018-10-30 20:16:06.932 [main] Dao - Searching for user with lastName = c
[ERROR] 2018-10-30 20:16:06.989 [main] Database - java.sql.SQLException: Access denied for user 'root'@'localhost' (using password: YES)
[DEBUG] 2018-10-30 20:16:06.991 [main] Dao - Searching for user with firstName = Dawn
[ERROR] 2018-10-30 20:16:07.043 [main] Database - java.sql.SQLException: Access denied for user 'root'@'localhost' (using password: YES)
[ERROR] 2018-10-30 20:16:07.193 [main] Database - java.sql.SQLException: Access denied for user 'root'@'localhost' (using password: YES)
[ERROR] 2018-10-30 20:16:07.355 [main] Database - java.sql.SQLException: Access denied for user 'root'@'localhost' (using password: YES)
[ERROR] 2018-10-30 20:16:07.438 [main] Database - java.sql.SQLException: Access denied for user 'root'@'localhost' (using password: YES)
[ERROR] 2018-10-30 20:25:06.825 [main] Database - java.sql.SQLException: Access denied for user 'root'@'localhost' (using password: YES)
[ERROR] 2018-10-30 20:25:09.698 [main] Database - java.sql.SQLException: Access denied for user 'root'@'localhost' (using password: YES)
[ERROR] 2018-10-30 20:25:10.079 [main] Database - java.sql.SQLException: Access denied for user 'root'@'localhost' (using password: YES)
[DEBUG] 2018-10-30 20:25:10.080 [main] Dao - Searching for user with lastName = Curry
[ERROR] 2018-10-30 20:25:10.128 [main] Database - java.sql.SQLException: Access denied for user 'root'@'localhost' (using password: YES)
[DEBUG] 2018-10-30 20:25:10.129 [main] Dao - Searching for user with lastName = c
[ERROR] 2018-10-30 20:25:10.159 [main] Database - java.sql.SQLException: Access denied for user 'root'@'localhost' (using password: YES)
[DEBUG] 2018-10-30 20:25:10.160 [main] Dao - Searching for user with firstName = Dawn
[ERROR] 2018-10-30 20:25:10.196 [main] Database - java.sql.SQLException: Access denied for user 'root'@'localhost' (using password: YES)
[ERROR] 2018-10-30 20:25:10.223 [main] Database - java.sql.SQLException: Access denied for user 'root'@'localhost' (using password: YES)
[ERROR] 2018-10-30 20:25:10.281 [main] Database - java.sql.SQLException: Access denied for user 'root'@'localhost' (using password: YES)
[ERROR] 2018-10-30 20:25:10.302 [main] Database - java.sql.SQLException: Access denied for user 'root'@'localhost' (using password: YES)
[ERROR] 2018-10-30 20:25:55.361 [main] Database - java.sql.SQLException: Access denied for user 'root'@'localhost' (using password: YES)
[ERROR] 2018-10-30 20:25:57.820 [main] Database - java.sql.SQLException: Access denied for user 'root'@'localhost' (using password: YES)
[ERROR] 2018-10-30 20:25:58.193 [main] Database - java.sql.SQLException: Access denied for user 'root'@'localhost' (using password: YES)
[DEBUG] 2018-10-30 20:25:58.194 [main] Dao - Searching for user with lastName = Curry
[ERROR] 2018-10-30 20:25:58.255 [main] Database - java.sql.SQLException: Access denied for user 'root'@'localhost' (using password: YES)
[DEBUG] 2018-10-30 20:25:58.256 [main] Dao - Searching for user with lastName = c
[ERROR] 2018-10-30 20:25:58.303 [main] Database - java.sql.SQLException: Access denied for user 'root'@'localhost' (using password: YES)
[DEBUG] 2018-10-30 20:25:58.305 [main] Dao - Searching for user with firstName = Dawn
[ERROR] 2018-10-30 20:25:58.377 [main] Database - java.sql.SQLException: Access denied for user 'root'@'localhost' (using password: YES)
[ERROR] 2018-10-30 20:25:58.410 [main] Database - java.sql.SQLException: Access denied for user 'root'@'localhost' (using password: YES)
[ERROR] 2018-10-30 20:25:58.501 [main] Database - java.sql.SQLException: Access denied for user 'root'@'localhost' (using password: YES)
[ERROR] 2018-10-30 20:25:58.524 [main] Database - java.sql.SQLException: Access denied for user 'root'@'localhost' (using password: YES)
[ERROR] 2018-10-30 20:51:15.535 [main] Database - java.sql.SQLException: Access denied for user 'root'@'localhost' (using password: YES)
[ERROR] 2018-10-30 20:51:18.571 [main] Database - java.sql.SQLException: Access denied for user 'root'@'localhost' (using password: YES)
[ERROR] 2018-10-30 20:51:21.584 [main] Database - java.sql.SQLException: Access denied for user 'root'@'localhost' (using password: YES)
[ERROR] 2018-10-30 20:51:22.046 [main] Database - java.sql.SQLException: Access denied for user 'root'@'localhost' (using password: YES)
[DEBUG] 2018-10-30 20:51:22.046 [main] Dao - Searching for user with lastName = Curry
[ERROR] 2018-10-30 20:51:22.151 [main] Database - java.sql.SQLException: Access denied for user 'root'@'localhost' (using password: YES)
[DEBUG] 2018-10-30 20:51:22.152 [main] Dao - Searching for user with lastName = c
[ERROR] 2018-10-30 20:51:22.223 [main] Database - java.sql.SQLException: Access denied for user 'root'@'localhost' (using password: YES)
[DEBUG] 2018-10-30 20:51:22.224 [main] Dao - Searching for user with firstName = Dawn
[ERROR] 2018-10-30 20:51:22.278 [main] Database - java.sql.SQLException: Access denied for user 'root'@'localhost' (using password: YES)
[ERROR] 2018-10-30 20:51:22.323 [main] Database - java.sql.SQLException: Access denied for user 'root'@'localhost' (using password: YES)
[ERROR] 2018-10-30 20:51:22.510 [main] Database - java.sql.SQLException: Access denied for user 'root'@'localhost' (using password: YES)
[ERROR] 2018-10-30 20:51:22.617 [main] Database - java.sql.SQLException: Access denied for user 'root'@'localhost' (using password: YES)
[ERROR] 2018-10-30 20:51:23.637 [main] Database - java.sql.SQLException: Access denied for user 'root'@'localhost' (using password: YES)
[ERROR] 2018-10-30 20:51:24.118 [main] Database - java.sql.SQLException: Access denied for user 'root'@'localhost' (using password: YES)
[DEBUG] 2018-10-30 20:51:24.119 [main] Dao - Searching for user with lastName = Curry
[ERROR] 2018-10-30 20:51:24.221 [main] Database - java.sql.SQLException: Access denied for user 'root'@'localhost' (using password: YES)
[DEBUG] 2018-10-30 20:51:24.222 [main] Dao - Searching for user with lastName = c
[ERROR] 2018-10-30 20:51:24.288 [main] Database - java.sql.SQLException: Access denied for user 'root'@'localhost' (using password: YES)
[DEBUG] 2018-10-30 20:51:24.290 [main] Dao - Searching for user with firstName = Dawn
[ERROR] 2018-10-30 20:51:24.344 [main] Database - java.sql.SQLException: Access denied for user 'root'@'localhost' (using password: YES)
[ERROR] 2018-10-30 20:51:24.389 [main] Database - java.sql.SQLException: Access denied for user 'root'@'localhost' (using password: YES)
[ERROR] 2018-10-30 20:51:24.463 [main] Database - java.sql.SQLException: Access denied for user 'root'@'localhost' (using password: YES)
[ERROR] 2018-10-30 20:51:24.524 [main] Database - java.sql.SQLException: Access denied for user 'root'@'localhost' (using password: YES)
[ERROR] 2018-10-30 20:53:50.154 [main] Database - java.sql.SQLSyntaxErrorException: Table 'sample.test_user' doesn't exist
[ERROR] 2018-10-30 20:53:52.404 [main] Database - java.sql.SQLSyntaxErrorException: Table 'sample.test_user' doesn't exist
[ERROR] 2018-10-30 20:53:52.706 [main] Database - java.sql.SQLSyntaxErrorException: Table 'sample.test_user' doesn't exist
[DEBUG] 2018-10-30 20:53:52.707 [main] Dao - Searching for user with lastName = Curry
[ERROR] 2018-10-30 20:53:52.768 [main] Database - java.sql.SQLSyntaxErrorException: Table 'sample.test_user' doesn't exist
[DEBUG] 2018-10-30 20:53:52.769 [main] Dao - Searching for user with lastName = c
[ERROR] 2018-10-30 20:53:52.829 [main] Database - java.sql.SQLSyntaxErrorException: Table 'sample.test_user' doesn't exist
[DEBUG] 2018-10-30 20:53:52.831 [main] Dao - Searching for user with firstName = Dawn
[ERROR] 2018-10-30 20:53:52.869 [main] Database - java.sql.SQLSyntaxErrorException: Table 'sample.test_user' doesn't exist
[ERROR] 2018-10-30 20:53:52.907 [main] Database - java.sql.SQLSyntaxErrorException: Table 'sample.test_user' doesn't exist
[ERROR] 2018-10-30 20:53:52.967 [main] Database - java.sql.SQLSyntaxErrorException: Table 'sample.test_user' doesn't exist
[ERROR] 2018-10-30 20:53:52.997 [main] Database - java.sql.SQLSyntaxErrorException: Table 'sample.test_user' doesn't exist
[DEBUG] 2018-10-30 20:59:30.043 [main] Dao - Searching for user with lastName = Curry
[DEBUG] 2018-10-30 20:59:30.282 [main] Dao - Searching for user with lastName = c
[DEBUG] 2018-10-30 20:59:30.555 [main] Dao - Searching for user with firstName = Dawn
[DEBUG] 2018-10-30 21:01:17.427 [main] Dao - Searching for user with lastName = Curry
[DEBUG] 2018-10-30 21:01:17.786 [main] Dao - Searching for user with lastName = c
[DEBUG] 2018-10-30 21:01:18.031 [main] Dao - Searching for user with firstName = Dawn
[DEBUG] 2018-10-30 21:05:14.751 [main] Dao - Searching for user with lastName = Curry
[DEBUG] 2018-10-30 21:05:14.948 [main] Dao - Searching for user with lastName = c
[DEBUG] 2018-10-30 21:05:15.037 [main] Dao - Searching for user with firstName = Dawn
[DEBUG] 2018-10-30 21:06:20.786 [main] Dao - Searching for user with lastName = Curry
[DEBUG] 2018-10-30 21:06:21.218 [main] Dao - Searching for user with lastName = c
[DEBUG] 2018-10-30 21:06:21.447 [main] Dao - Searching for user with firstName = Dawn
[DEBUG] 2018-10-30 21:08:54.631 [main] Dao - Searching for user with lastName = Curry
[DEBUG] 2018-10-30 21:08:55.192 [main] Dao - Searching for user with lastName = c
[DEBUG] 2018-10-30 21:08:55.279 [main] Dao - Searching for user with firstName = Dawn
[ERROR] 2018-10-30 21:10:04.467 [main] Database - java.sql.SQLSyntaxErrorException: Table 'test.test_personal_workouts' doesn't exist
[ERROR] 2018-10-30 21:10:08.024 [main] Database - java.sql.SQLSyntaxErrorException: Table 'test.test_personal_workouts' doesn't exist
[ERROR] 2018-10-30 21:10:08.407 [main] Database - java.sql.SQLSyntaxErrorException: Table 'test.test_personal_workouts' doesn't exist
[DEBUG] 2018-10-30 21:10:08.409 [main] Dao - Searching for user with lastName = Curry
[ERROR] 2018-10-30 21:10:08.564 [main] Database - java.sql.SQLSyntaxErrorException: Table 'test.test_personal_workouts' doesn't exist
[DEBUG] 2018-10-30 21:10:08.565 [main] Dao - Searching for user with lastName = c
[ERROR] 2018-10-30 21:10:08.774 [main] Database - java.sql.SQLSyntaxErrorException: Table 'test.test_personal_workouts' doesn't exist
[DEBUG] 2018-10-30 21:10:08.776 [main] Dao - Searching for user with firstName = Dawn
[ERROR] 2018-10-30 21:10:08.912 [main] Database - java.sql.SQLSyntaxErrorException: Table 'test.test_personal_workouts' doesn't exist
[ERROR] 2018-10-30 21:10:09.098 [main] Database - java.sql.SQLSyntaxErrorException: Table 'test.test_personal_workouts' doesn't exist
[ERROR] 2018-10-30 21:10:09.300 [main] Database - java.sql.SQLSyntaxErrorException: Table 'test.test_personal_workouts' doesn't exist
[ERROR] 2018-10-30 21:10:09.474 [main] Database - java.sql.SQLSyntaxErrorException: Table 'test.test_personal_workouts' doesn't exist
[ERROR] 2018-10-30 21:11:46.375 [main] Database - java.sql.SQLSyntaxErrorException: Table 'test.test_user' doesn't exist
[ERROR] 2018-10-30 21:11:49.558 [main] Database - java.sql.SQLSyntaxErrorException: Table 'test.test_user' doesn't exist
[ERROR] 2018-10-30 21:11:49.938 [main] Database - java.sql.SQLSyntaxErrorException: Table 'test.test_user' doesn't exist
[DEBUG] 2018-10-30 21:11:49.939 [main] Dao - Searching for user with lastName = Curry
[ERROR] 2018-10-30 21:11:50.034 [main] Database - java.sql.SQLSyntaxErrorException: Table 'test.test_user' doesn't exist
[DEBUG] 2018-10-30 21:11:50.035 [main] Dao - Searching for user with lastName = c
[ERROR] 2018-10-30 21:11:50.085 [main] Database - java.sql.SQLSyntaxErrorException: Table 'test.test_user' doesn't exist
[DEBUG] 2018-10-30 21:11:50.087 [main] Dao - Searching for user with firstName = Dawn
[ERROR] 2018-10-30 21:11:50.137 [main] Database - java.sql.SQLSyntaxErrorException: Table 'test.test_user' doesn't exist
[ERROR] 2018-10-30 21:11:50.175 [main] Database - java.sql.SQLSyntaxErrorException: Table 'test.test_user' doesn't exist
[ERROR] 2018-10-30 21:11:50.248 [main] Database - java.sql.SQLSyntaxErrorException: Table 'test.test_user' doesn't exist
[ERROR] 2018-10-30 21:11:50.298 [main] Database - java.sql.SQLSyntaxErrorException: Table 'test.test_user' doesn't exist
[DEBUG] 2018-10-30 21:12:54.157 [main] Dao - Searching for user with lastName = Curry
[DEBUG] 2018-10-30 21:12:54.623 [main] Dao - Searching for user with lastName = c
[DEBUG] 2018-10-30 21:12:54.702 [main] Dao - Searching for user with firstName = Dawn
[DEBUG] 2018-10-30 21:15:03.236 [main] Dao - Searching for user with lastName = Curry
[DEBUG] 2018-10-30 21:15:03.727 [main] Dao - Searching for user with lastName = c
[DEBUG] 2018-10-30 21:15:03.882 [main] Dao - Searching for user with firstName = Dawn
